crond: crond (busybox 1.35.0) started, log level 8
crond: USER root pid  19 cmd run-parts /etc/periodic/1min
crond: crond (busybox 1.35.0) started, log level 8
crond: crond (busybox 1.35.0) started, log level 8
crond: USER root pid  19 cmd run-parts /etc/periodic/1min
crond: USER root pid  20 cmd run-parts /etc/periodic/1min
crond: USER root pid  21 cmd run-parts /etc/periodic/1min
crond: USER root pid  22 cmd run-parts /etc/periodic/1min
crond: crond (busybox 1.35.0) started, log level 8
crond: USER root pid  18 cmd run-parts /etc/periodic/1min
crond: crond (busybox 1.35.0) started, log level 8
crond: USER root pid  19 cmd run-parts /etc/periodic/1min
crond: USER root pid  20 cmd run-parts /etc/periodic/1min
crond: USER root pid  21 cmd run-parts /etc/periodic/15min
crond: USER root pid  22 cmd run-parts /etc/periodic/hourly
crond: USER root pid  23 cmd run-parts /etc/periodic/1min
crond: USER root pid  24 cmd run-parts /etc/periodic/1min
crond: USER root pid  25 cmd run-parts /etc/periodic/1min
crond: USER root pid  26 cmd run-parts /etc/periodic/1min
crond: USER root pid  27 cmd run-parts /etc/periodic/1min
crond: USER root pid  28 cmd run-parts /etc/periodic/1min
crond: USER root pid  29 cmd run-parts /etc/periodic/1min
crond: USER root pid  30 cmd run-parts /etc/periodic/1min
crond: USER root pid  31 cmd run-parts /etc/periodic/1min
crond: USER root pid  32 cmd run-parts /etc/periodic/1min
crond: USER root pid  33 cmd run-parts /etc/periodic/1min
crond: USER root pid  34 cmd run-parts /etc/periodic/1min
crond: USER root pid  35 cmd run-parts /etc/periodic/1min
crond: USER root pid  36 cmd run-parts /etc/periodic/1min
crond: USER root pid  37 cmd run-parts /etc/periodic/1min
crond: USER root pid  38 cmd run-parts /etc/periodic/15min
crond: USER root pid  39 cmd run-parts /etc/periodic/1min
crond: USER root pid  40 cmd run-parts /etc/periodic/1min
crond: USER root pid  41 cmd run-parts /etc/periodic/1min
crond: USER root pid  42 cmd run-parts /etc/periodic/1min
crond: USER root pid  43 cmd run-parts /etc/periodic/1min
crond: USER root pid  44 cmd run-parts /etc/periodic/1min
crond: USER root pid  45 cmd run-parts /etc/periodic/1min
crond: USER root pid  46 cmd run-parts /etc/periodic/1min
crond: USER root pid  47 cmd run-parts /etc/periodic/1min
crond: USER root pid  48 cmd run-parts /etc/periodic/1min
crond: USER root pid  49 cmd run-parts /etc/periodic/1min
crond: USER root pid  50 cmd run-parts /etc/periodic/1min
crond: USER root pid  51 cmd run-parts /etc/periodic/1min
crond: USER root pid  52 cmd run-parts /etc/periodic/1min
crond: USER root pid  53 cmd run-parts /etc/periodic/1min
crond: USER root pid  54 cmd run-parts /etc/periodic/15min
crond: USER root pid  55 cmd run-parts /etc/periodic/1min
crond: USER root pid  56 cmd run-parts /etc/periodic/1min
crond: USER root pid  57 cmd run-parts /etc/periodic/1min
crond: USER root pid  58 cmd run-parts /etc/periodic/1min
crond: USER root pid  59 cmd run-parts /etc/periodic/1min
crond: USER root pid  60 cmd run-parts /etc/periodic/1min
crond: USER root pid  61 cmd run-parts /etc/periodic/1min
crond: USER root pid  62 cmd run-parts /etc/periodic/1min
crond: USER root pid  63 cmd run-parts /etc/periodic/1min
crond: USER root pid  64 cmd run-parts /etc/periodic/1min
crond: USER root pid  65 cmd run-parts /etc/periodic/1min
crond: USER root pid  66 cmd run-parts /etc/periodic/1min
crond: USER root pid  67 cmd run-parts /etc/periodic/1min
crond: USER root pid  68 cmd run-parts /etc/periodic/1min
crond: USER root pid  69 cmd run-parts /etc/periodic/1min
crond: USER root pid  70 cmd run-parts /etc/periodic/15min
crond: USER root pid  71 cmd run-parts /etc/periodic/1min
crond: USER root pid  72 cmd run-parts /etc/periodic/1min
crond: USER root pid  73 cmd run-parts /etc/periodic/1min
crond: USER root pid  74 cmd run-parts /etc/periodic/1min
crond: USER root pid  75 cmd run-parts /etc/periodic/1min
crond: USER root pid  76 cmd run-parts /etc/periodic/1min
crond: USER root pid  77 cmd run-parts /etc/periodic/1min
crond: USER root pid  78 cmd run-parts /etc/periodic/1min
crond: USER root pid  79 cmd run-parts /etc/periodic/1min
crond: USER root pid  80 cmd run-parts /etc/periodic/1min
crond: USER root pid  81 cmd run-parts /etc/periodic/1min
crond: USER root pid  82 cmd run-parts /etc/periodic/1min
crond: USER root pid  83 cmd run-parts /etc/periodic/1min
crond: USER root pid  84 cmd run-parts /etc/periodic/1min
crond: USER root pid  85 cmd run-parts /etc/periodic/1min
crond: USER root pid  86 cmd run-parts /etc/periodic/15min
crond: USER root pid  87 cmd run-parts /etc/periodic/hourly
crond: USER root pid  88 cmd run-parts /etc/periodic/1min
crond: USER root pid  89 cmd run-parts /etc/periodic/1min
crond: USER root pid  90 cmd run-parts /etc/periodic/1min
crond: USER root pid  91 cmd run-parts /etc/periodic/1min
crond: USER root pid  92 cmd run-parts /etc/periodic/1min
crond: USER root pid  93 cmd run-parts /etc/periodic/1min
crond: USER root pid  94 cmd run-parts /etc/periodic/1min
crond: USER root pid  95 cmd run-parts /etc/periodic/1min
crond: USER root pid  96 cmd run-parts /etc/periodic/1min
crond: USER root pid  97 cmd run-parts /etc/periodic/1min
crond: USER root pid  98 cmd run-parts /etc/periodic/1min
crond: USER root pid  99 cmd run-parts /etc/periodic/1min
crond: USER root pid 100 cmd run-parts /etc/periodic/1min
crond: USER root pid 101 cmd run-parts /etc/periodic/1min
crond: USER root pid 102 cmd run-parts /etc/periodic/1min
crond: USER root pid 103 cmd run-parts /etc/periodic/15min
crond: USER root pid 104 cmd run-parts /etc/periodic/1min
crond: USER root pid 105 cmd run-parts /etc/periodic/1min
crond: USER root pid 106 cmd run-parts /etc/periodic/1min
crond: USER root pid 107 cmd run-parts /etc/periodic/1min
crond: USER root pid 108 cmd run-parts /etc/periodic/1min
crond: USER root pid 109 cmd run-parts /etc/periodic/1min
crond: USER root pid 110 cmd run-parts /etc/periodic/1min
crond: USER root pid 111 cmd run-parts /etc/periodic/1min
crond: USER root pid 112 cmd run-parts /etc/periodic/1min
crond: USER root pid 113 cmd run-parts /etc/periodic/1min
crond: USER root pid 114 cmd run-parts /etc/periodic/1min
crond: USER root pid 115 cmd run-parts /etc/periodic/1min
crond: USER root pid 116 cmd run-parts /etc/periodic/1min
crond: USER root pid 117 cmd run-parts /etc/periodic/1min
crond: USER root pid 118 cmd run-parts /etc/periodic/1min
crond: USER root pid 119 cmd run-parts /etc/periodic/15min
crond: USER root pid 120 cmd run-parts /etc/periodic/1min
crond: USER root pid 121 cmd run-parts /etc/periodic/1min
crond: USER root pid 122 cmd run-parts /etc/periodic/1min
crond: USER root pid 123 cmd run-parts /etc/periodic/1min
crond: USER root pid 124 cmd run-parts /etc/periodic/1min
crond: USER root pid 125 cmd run-parts /etc/periodic/1min
crond: USER root pid 126 cmd run-parts /etc/periodic/1min
crond: USER root pid 127 cmd run-parts /etc/periodic/1min
crond: USER root pid 128 cmd run-parts /etc/periodic/1min
crond: USER root pid 129 cmd run-parts /etc/periodic/1min
crond: USER root pid 130 cmd run-parts /etc/periodic/1min
crond: USER root pid 131 cmd run-parts /etc/periodic/1min
crond: USER root pid 132 cmd run-parts /etc/periodic/1min
crond: USER root pid 133 cmd run-parts /etc/periodic/1min
crond: USER root pid 134 cmd run-parts /etc/periodic/1min
crond: USER root pid 135 cmd run-parts /etc/periodic/15min
crond: USER root pid 136 cmd run-parts /etc/periodic/1min
crond: USER root pid 137 cmd run-parts /etc/periodic/1min
crond: USER root pid 138 cmd run-parts /etc/periodic/1min
crond: USER root pid 139 cmd run-parts /etc/periodic/1min
crond: USER root pid 140 cmd run-parts /etc/periodic/1min
crond: USER root pid 141 cmd run-parts /etc/periodic/1min
crond: USER root pid 142 cmd run-parts /etc/periodic/1min
crond: USER root pid 143 cmd run-parts /etc/periodic/1min
crond: USER root pid 144 cmd run-parts /etc/periodic/1min
crond: USER root pid 145 cmd run-parts /etc/periodic/1min
crond: USER root pid 146 cmd run-parts /etc/periodic/1min
crond: USER root pid 147 cmd run-parts /etc/periodic/1min
crond: USER root pid 148 cmd run-parts /etc/periodic/1min
crond: USER root pid 149 cmd run-parts /etc/periodic/1min
crond: USER root pid 150 cmd run-parts /etc/periodic/1min
crond: USER root pid 151 cmd run-parts /etc/periodic/15min
crond: USER root pid 152 cmd run-parts /etc/periodic/hourly
crond: USER root pid 153 cmd run-parts /etc/periodic/1min
crond: USER root pid 154 cmd run-parts /etc/periodic/1min
crond: USER root pid 155 cmd run-parts /etc/periodic/1min
crond: USER root pid 156 cmd run-parts /etc/periodic/1min
crond: USER root pid 157 cmd run-parts /etc/periodic/1min
crond: USER root pid 158 cmd run-parts /etc/periodic/1min
crond: USER root pid 159 cmd run-parts /etc/periodic/1min
crond: USER root pid 160 cmd run-parts /etc/periodic/1min
crond: USER root pid 161 cmd run-parts /etc/periodic/1min
crond: USER root pid 162 cmd run-parts /etc/periodic/1min
crond: USER root pid 163 cmd run-parts /etc/periodic/1min
crond: USER root pid 164 cmd run-parts /etc/periodic/1min
crond: USER root pid 165 cmd run-parts /etc/periodic/1min
crond: USER root pid 166 cmd run-parts /etc/periodic/1min
crond: USER root pid 167 cmd run-parts /etc/periodic/1min
crond: USER root pid 168 cmd run-parts /etc/periodic/15min
crond: USER root pid 169 cmd run-parts /etc/periodic/1min
crond: USER root pid 170 cmd run-parts /etc/periodic/1min
crond: USER root pid 171 cmd run-parts /etc/periodic/1min
crond: USER root pid 172 cmd run-parts /etc/periodic/1min
crond: USER root pid 173 cmd run-parts /etc/periodic/1min
crond: USER root pid 174 cmd run-parts /etc/periodic/1min
crond: USER root pid 175 cmd run-parts /etc/periodic/1min
crond: USER root pid 176 cmd run-parts /etc/periodic/1min
crond: USER root pid 177 cmd run-parts /etc/periodic/1min
crond: USER root pid 178 cmd run-parts /etc/periodic/1min
crond: USER root pid 179 cmd run-parts /etc/periodic/1min
crond: USER root pid 180 cmd run-parts /etc/periodic/1min
crond: USER root pid 181 cmd run-parts /etc/periodic/1min
crond: USER root pid 182 cmd run-parts /etc/periodic/1min
crond: USER root pid 183 cmd run-parts /etc/periodic/1min
crond: USER root pid 184 cmd run-parts /etc/periodic/15min
crond: USER root pid 185 cmd run-parts /etc/periodic/1min
crond: USER root pid 186 cmd run-parts /etc/periodic/1min
crond: USER root pid 187 cmd run-parts /etc/periodic/1min
crond: USER root pid 188 cmd run-parts /etc/periodic/1min
crond: USER root pid 189 cmd run-parts /etc/periodic/1min
crond: crond (busybox 1.35.0) started, log level 8
crond: USER root pid  18 cmd run-parts /etc/periodic/1min
crond: crond (busybox 1.35.0) started, log level 8
crond: USER root pid  19 cmd run-parts /etc/periodic/1min
